<?xml version="1.0" encoding="UTF-8"?>
<!-- Generated by org.testng.reporters.JUnitXMLReporter -->
<testsuite hostname="C910070EE83EAz" ignored="0" name="Test" tests="3" failures="0" timestamp="19 Jan 2018 15:08:14 GMT" time="0.109" errors="0">
  <testcase name="testJenkins" time="0.023" classname="demoJenkins.DemoJenkinsJob"/>
  <testcase name="testJenkins2" time="0.0" classname="demoJenkins.DemoJenkinsJob"/>
  <testcase name="testJenkins" time="0.002" classname="demoJenkins.AnotherTest"/>
</testsuite> <!-- Test -->
