<?xml version="1.0" encoding="UTF-8"?>
<testng-results skipped="0" failed="0" ignored="0" total="3" passed="3">
  <reporter-output>
  </reporter-output>
  <suite name="Suite" duration-ms="109" started-at="2018-01-19T15:08:13Z" finished-at="2018-01-19T15:08:14Z">
    <groups>
    </groups>
    <test name="Test" duration-ms="109" started-at="2018-01-19T15:08:13Z" finished-at="2018-01-19T15:08:14Z">
      <class name="demoJenkins.DemoJenkinsJob">
        <test-method status="PASS" signature="testJenkins()[pri:0, instance:demoJenkins.DemoJenkinsJob@2c9f9fb0]" name="testJenkins" duration-ms="23" started-at="2018-01-19T10:08:13Z" finished-at="2018-01-19T10:08:14Z">
          <reporter-output>
          </reporter-output>
        </test-method> <!-- testJenkins -->
        <test-method status="PASS" signature="testJenkins2()[pri:0, instance:demoJenkins.DemoJenkinsJob@2c9f9fb0]" name="testJenkins2" duration-ms="0" started-at="2018-01-19T10:08:14Z" finished-at="2018-01-19T10:08:14Z">
          <reporter-output>
          </reporter-output>
        </test-method> <!-- testJenkins2 -->
      </class> <!-- demoJenkins.DemoJenkinsJob -->
      <class name="demoJenkins.AnotherTest">
        <test-method status="PASS" signature="testJenkins()[pri:0, instance:demoJenkins.AnotherTest@234bef66]" name="testJenkins" duration-ms="2" started-at="2018-01-19T10:08:14Z" finished-at="2018-01-19T10:08:14Z">
          <reporter-output>
          </reporter-output>
        </test-method> <!-- testJenkins -->
      </class> <!-- demoJenkins.AnotherTest -->
    </test> <!-- Test -->
  </suite> <!-- Suite -->
</testng-results>
